<?xml version="1.0" encoding="UTF-8"?>
<!-- Generated by org.testng.reporters.JUnitReportReporter -->
<testsuite hostname="DESKTOP-VG18RRG" failures="0" tests="9" name="testScenarios.TS_PersonalLoan" time="6.058" errors="0" timestamp="2021-07-21T23:42:22 IST" skipped="0">
  <testcase classname="testScenarios.TS_PersonalLoan" name="TC_personalLoanSelect" time="0.426"/>
  <system-out/>
  <testcase classname="testScenarios.TS_PersonalLoan" name="TC_personalLoanSelect" time="0.511"/>
  <system-out/>
  <testcase classname="testScenarios.TS_PersonalLoan" name="TC_personalLoanSelect" time="0.472"/>
  <system-out/>
  <testcase classname="testScenarios.TS_PersonalLoan" name="TC_enterDetails" time="0.895"/>
  <system-out/>
  <testcase classname="testScenarios.TS_PersonalLoan" name="TC_enterDetails" time="2.051"/>
  <system-out/>
  <testcase classname="testScenarios.TS_PersonalLoan" name="TC_enterDetails" time="0.846"/>
  <system-out/>
  <testcase classname="testScenarios.TS_PersonalLoan" name="TC_scrollDown" time="0.281"/>
  <system-out/>
  <testcase classname="testScenarios.TS_PersonalLoan" name="TC_scrollDown" time="0.331"/>
  <system-out/>
  <testcase classname="testScenarios.TS_PersonalLoan" name="TC_scrollDown" time="0.245"/>
  <system-out/>
</testsuite> <!-- testScenarios.TS_PersonalLoan -->
