<?xml version="1.0" encoding="UTF-8"?>
<!-- Generated by org.testng.reporters.JUnitReportReporter -->
<testsuite hostname="DESKTOP-VG18RRG" failures="0" tests="12" name="testScenarios.TS_CarLoan" time="14.031" errors="0" timestamp="2021-07-21T23:42:22 IST" skipped="0">
  <testcase classname="testScenarios.TS_CarLoan" name="TC_carLoanSelect" time="0.608"/>
  <system-out/>
  <testcase classname="testScenarios.TS_CarLoan" name="TC_carLoanSelect" time="0.955"/>
  <system-out/>
  <testcase classname="testScenarios.TS_CarLoan" name="TC_carLoanSelect" time="0.787"/>
  <system-out/>
  <testcase classname="testScenarios.TS_CarLoan" name="TC_enterDetails" time="1.300"/>
  <system-out/>
  <testcase classname="testScenarios.TS_CarLoan" name="TC_enterDetails" time="2.319"/>
  <system-out/>
  <testcase classname="testScenarios.TS_CarLoan" name="TC_enterDetails" time="1.875"/>
  <system-out/>
  <testcase classname="testScenarios.TS_CarLoan" name="TC_selectMonth" time="0.919"/>
  <system-out/>
  <testcase classname="testScenarios.TS_CarLoan" name="TC_selectMonth" time="1.071"/>
  <system-out/>
  <testcase classname="testScenarios.TS_CarLoan" name="TC_selectMonth" time="0.946"/>
  <system-out/>
  <testcase classname="testScenarios.TS_CarLoan" name="TC_displayResult" time="0.377"/>
  <system-out/>
  <testcase classname="testScenarios.TS_CarLoan" name="TC_displayResult" time="0.266"/>
  <system-out/>
  <testcase classname="testScenarios.TS_CarLoan" name="TC_displayResult" time="2.608"/>
  <system-out/>
</testsuite> <!-- testScenarios.TS_CarLoan -->
