<?xml version="1.0" encoding="UTF-8"?>
<!-- Generated by org.testng.reporters.JUnitReportReporter -->
<testsuite hostname="DESKTOP-VG18RRG" failures="0" tests="12" name="testScenarios.TS_HomeLoan" time="10.711" errors="0" timestamp="2021-07-21T23:42:22 IST" skipped="0">
  <testcase classname="testScenarios.TS_HomeLoan" name="TC_homeLoanSelect" time="0.622"/>
  <system-out/>
  <testcase classname="testScenarios.TS_HomeLoan" name="TC_homeLoanSelect" time="0.557"/>
  <system-out/>
  <testcase classname="testScenarios.TS_HomeLoan" name="TC_homeLoanSelect" time="0.597"/>
  <system-out/>
  <testcase classname="testScenarios.TS_HomeLoan" name="TC_readHomeLoanData" time="1.869"/>
  <system-out/>
  <testcase classname="testScenarios.TS_HomeLoan" name="TC_readHomeLoanData" time="1.339"/>
  <system-out/>
  <testcase classname="testScenarios.TS_HomeLoan" name="TC_readHomeLoanData" time="2.519"/>
  <system-out/>
  <testcase classname="testScenarios.TS_HomeLoan" name="TC_scrollDown" time="0.259"/>
  <system-out/>
  <testcase classname="testScenarios.TS_HomeLoan" name="TC_scrollDown" time="0.157"/>
  <system-out/>
  <testcase classname="testScenarios.TS_HomeLoan" name="TC_scrollDown" time="0.321"/>
  <system-out/>
  <testcase classname="testScenarios.TS_HomeLoan" name="TC_yearWiseData" time="0.806"/>
  <system-out/>
  <testcase classname="testScenarios.TS_HomeLoan" name="TC_yearWiseData" time="0.960"/>
  <system-out/>
  <testcase classname="testScenarios.TS_HomeLoan" name="TC_yearWiseData" time="0.705"/>
  <system-out/>
</testsuite> <!-- testScenarios.TS_HomeLoan -->
